{"numFailedTestSuites":0,"numFailedTests":0,"numPassedTestSuites":4,"numPassedTests":16,"numPendingTestSuites":0,"numPendingTests":0,"numRuntimeErrorTestSuites":0,"numTodoTests":0,"numTotalTestSuites":4,"numTotalTests":16,"openHandles":[],"snapshot":{"added":0,"didUpdate":false,"failure":false,"filesAdded":0,"filesRemoved":0,"filesRemovedList":[],"filesUnmatched":0,"filesUpdated":0,"matched":0,"total":0,"unchecked":0,"uncheckedKeysByFile":[],"unmatched":0,"updated":0},"startTime":1752097019012,"success":true,"testResults":[{"assertionResults":[{"ancestorTitles":["ana sayfa"],"duration":3,"failing":false,"failureDetails":[],"failureMessages":[],"fullName":"ana sayfa giriş yapmamış kullanıcıyı login sayfasına yönlendirir","invocations":1,"location":null,"numPassingAsserts":1,"retryReasons":[],"startAt":1752097020246,"status":"passed","title":"giriş yapmamış kullanıcıyı login sayfasına yönlendirir"},{"ancestorTitles":["auth provider"],"duration":33,"failing":false,"failureDetails":[],"failureMessages":[],"fullName":"auth provider başlangıçta kullanıcı giriş yapmamış durumda","invocations":1,"location":null,"numPassingAsserts":1,"retryReasons":[],"startAt":1752097020249,"status":"passed","title":"başlangıçta kullanıcı giriş yapmamış durumda"},{"ancestorTitles":["component render testleri"],"duration":4,"failing":false,"failureDetails":[],"failureMessages":[],"fullName":"component render testleri auth provider başarıyla render edilir","invocations":1,"location":null,"numPassingAsserts":1,"retryReasons":[],"startAt":1752097020282,"status":"passed","title":"auth provider başarıyla render edilir"}],"endTime":1752097020287,"message":"","name":"/Users/elifcetin/projects/myprojects/mini-crm/src/__tests__/components.test.tsx","startTime":1752097019797,"status":"passed","summary":""},{"assertionResults":[{"ancestorTitles":["notes api"],"duration":13,"failing":false,"failureDetails":[],"failureMessages":[],"fullName":"notes api not ekleniyor mu?","invocations":1,"location":null,"numPassingAsserts":3,"retryReasons":[],"startAt":1752097022058,"status":"passed","title":"not ekleniyor mu?"},{"ancestorTitles":["notes api"],"duration":7,"failing":false,"failureDetails":[],"failureMessages":[],"fullName":"notes api müşteri bazlı notlar listeleniyor mu?","invocations":1,"location":null,"numPassingAsserts":5,"retryReasons":[],"startAt":1752097022072,"status":"passed","title":"müşteri bazlı notlar listeleniyor mu?"},{"ancestorTitles":["notes api"],"duration":12,"failing":false,"failureDetails":[],"failureMessages":[],"fullName":"notes api not güncelleniyor mu?","invocations":1,"location":null,"numPassingAsserts":3,"retryReasons":[],"startAt":1752097022079,"status":"passed","title":"not güncelleniyor mu?"},{"ancestorTitles":["notes api"],"duration":9,"failing":false,"failureDetails":[],"failureMessages":[],"fullName":"notes api not siliniyor mu?","invocations":1,"location":null,"numPassingAsserts":2,"retryReasons":[],"startAt":1752097022092,"status":"passed","title":"not siliniyor mu?"}],"endTime":1752097022359,"message":"","name":"/Users/elifcetin/projects/myprojects/mini-crm/src/__tests__/notes.test.ts","startTime":1752097019479,"status":"passed","summary":""},{"assertionResults":[{"ancestorTitles":["customers api"],"duration":26,"failing":false,"failureDetails":[],"failureMessages":[],"fullName":"customers api müşteri ekleniyor mu?","invocations":1,"location":null,"numPassingAsserts":3,"retryReasons":[],"startAt":1752097022052,"status":"passed","title":"müşteri ekleniyor mu?"},{"ancestorTitles":["customers api"],"duration":8,"failing":false,"failureDetails":[],"failureMessages":[],"fullName":"customers api müşteri listeleniyor mu?","invocations":1,"location":null,"numPassingAsserts":4,"retryReasons":[],"startAt":1752097022078,"status":"passed","title":"müşteri listeleniyor mu?"},{"ancestorTitles":["customers api"],"duration":11,"failing":false,"failureDetails":[],"failureMessages":[],"fullName":"customers api müşteri detayı getiriliyor mu?","invocations":1,"location":null,"numPassingAsserts":3,"retryReasons":[],"startAt":1752097022086,"status":"passed","title":"müşteri detayı getiriliyor mu?"},{"ancestorTitles":["customers api"],"duration":25,"failing":false,"failureDetails":[],"failureMessages":[],"fullName":"customers api müşteri güncelleniyor mu?","invocations":1,"location":null,"numPassingAsserts":3,"retryReasons":[],"startAt":1752097022097,"status":"passed","title":"müşteri güncelleniyor mu?"},{"ancestorTitles":["customers api"],"duration":9,"failing":false,"failureDetails":[],"failureMessages":[],"fullName":"customers api müşteri siliniyor mu?","invocations":1,"location":null,"numPassingAsserts":2,"retryReasons":[],"startAt":1752097022122,"status":"passed","title":"müşteri siliniyor mu?"}],"endTime":1752097022362,"message":"","name":"/Users/elifcetin/projects/myprojects/mini-crm/src/__tests__/customers.test.ts","startTime":1752097019477,"status":"passed","summary":""},{"assertionResults":[{"ancestorTitles":["Auth API"],"duration":538,"failing":false,"failureDetails":[],"failureMessages":[],"fullName":"Auth API kullanıcı kaydı başarılı mı?","invocations":1,"location":null,"numPassingAsserts":3,"retryReasons":[],"startAt":1752097020705,"status":"passed","title":"kullanıcı kaydı başarılı mı?"},{"ancestorTitles":["Auth API"],"duration":3,"failing":false,"failureDetails":[],"failureMessages":[],"fullName":"Auth API aynı email ile tekrar kayıt başarısız mı?","invocations":1,"location":null,"numPassingAsserts":2,"retryReasons":[],"startAt":1752097021243,"status":"passed","title":"aynı email ile tekrar kayıt başarısız mı?"},{"ancestorTitles":["Auth API"],"duration":621,"failing":false,"failureDetails":[],"failureMessages":[],"fullName":"Auth API login başarılı mı?","invocations":1,"location":null,"numPassingAsserts":3,"retryReasons":[],"startAt":1752097021246,"status":"passed","title":"login başarılı mı?"},{"ancestorTitles":["Auth API"],"duration":664,"failing":false,"failureDetails":[],"failureMessages":[],"fullName":"Auth API login başarısız mı?","invocations":1,"location":null,"numPassingAsserts":2,"retryReasons":[],"startAt":1752097021868,"status":"passed","title":"login başarısız mı?"}],"endTime":1752097022652,"message":"","name":"/Users/elifcetin/projects/myprojects/mini-crm/src/__tests__/auth.test.ts","startTime":1752097019477,"status":"passed","summary":""}],"wasInterrupted":false}
